mode: set
brick_game/brick_game/race/logic/race.go:43.24,52.25 9 1
brick_game/brick_game/race/logic/race.go:52.25,54.3 1 1
brick_game/brick_game/race/logic/race.go:55.2,56.26 2 1
brick_game/brick_game/race/logic/race.go:56.26,58.3 1 1
brick_game/brick_game/race/logic/race.go:59.2,60.24 2 1
brick_game/brick_game/race/logic/race.go:60.24,62.3 1 1
brick_game/brick_game/race/logic/race.go:63.2,64.19 2 1
brick_game/brick_game/race/logic/race.go:67.30,69.27 2 1
brick_game/brick_game/race/logic/race.go:69.27,71.3 1 1
brick_game/brick_game/race/logic/race.go:74.37,75.41 1 1
brick_game/brick_game/race/logic/race.go:75.41,76.29 1 1
brick_game/brick_game/race/logic/race.go:76.29,78.4 1 1
brick_game/brick_game/race/logic/race.go:79.3,81.13 3 1
brick_game/brick_game/race/logic/race.go:81.13,84.4 2 1
brick_game/brick_game/race/logic/race.go:85.3,85.13 1 1
brick_game/brick_game/race/logic/race.go:85.13,87.29 2 1
brick_game/brick_game/race/logic/race.go:87.29,89.5 1 1
brick_game/brick_game/race/logic/race.go:90.4,90.13 1 1
brick_game/brick_game/race/logic/race.go:92.3,92.13 1 1
brick_game/brick_game/race/logic/race.go:92.13,95.4 2 1
brick_game/brick_game/race/logic/race.go:96.3,98.11 3 1
brick_game/brick_game/race/logic/race.go:98.11,100.4 1 0
brick_game/brick_game/race/logic/race.go:101.3,101.19 1 1
brick_game/brick_game/race/logic/race.go:105.52,106.16 1 1
brick_game/brick_game/race/logic/race.go:107.20,108.18 1 1
brick_game/brick_game/race/logic/race.go:109.14,110.21 1 1
brick_game/brick_game/race/logic/race.go:111.13,112.13 1 0
brick_game/brick_game/race/logic/race.go:114.20,115.22 1 0
brick_game/brick_game/race/logic/race.go:115.22,117.4 1 0
brick_game/brick_game/race/logic/race.go:118.17,119.42 1 1
brick_game/brick_game/race/logic/race.go:119.42,122.4 2 1
brick_game/brick_game/race/logic/race.go:123.19,124.42 1 1
brick_game/brick_game/race/logic/race.go:124.42,127.4 2 1
brick_game/brick_game/race/logic/race.go:128.19,129.42 1 1
brick_game/brick_game/race/logic/race.go:129.42,132.4 2 1
brick_game/brick_game/race/logic/race.go:133.20,134.42 1 1
brick_game/brick_game/race/logic/race.go:134.42,137.4 2 1
brick_game/brick_game/race/logic/race.go:140.51,142.23 2 1
brick_game/brick_game/race/logic/race.go:142.23,144.27 2 1
brick_game/brick_game/race/logic/race.go:144.27,146.22 2 1
brick_game/brick_game/race/logic/race.go:146.22,148.5 1 1
brick_game/brick_game/race/logic/race.go:149.4,149.21 1 1
brick_game/brick_game/race/logic/race.go:149.21,151.5 1 1
brick_game/brick_game/race/logic/race.go:152.4,152.39 1 1
brick_game/brick_game/race/logic/race.go:152.39,154.5 1 0
brick_game/brick_game/race/logic/race.go:155.4,155.28 1 1
brick_game/brick_game/race/logic/race.go:158.2,159.22 2 1
brick_game/brick_game/race/logic/race.go:159.22,161.3 1 1
brick_game/brick_game/race/logic/race.go:163.2,165.16 3 1
brick_game/brick_game/race/logic/race.go:165.16,167.3 1 0
brick_game/brick_game/race/logic/race.go:168.2,169.22 2 1
brick_game/brick_game/race/logic/race.go:169.22,171.3 1 1
brick_game/brick_game/race/logic/race.go:172.2,180.3 1 1
brick_game/brick_game/race/logic/race.go:183.29,187.25 3 1
brick_game/brick_game/race/logic/race.go:187.25,188.66 1 1
brick_game/brick_game/race/logic/race.go:188.66,190.4 1 1
brick_game/brick_game/race/logic/race.go:192.2,193.27 2 1
brick_game/brick_game/race/logic/race.go:193.27,196.3 2 1
brick_game/brick_game/race/logic/race.go:199.32,201.36 2 1
brick_game/brick_game/race/logic/race.go:201.36,204.3 2 1
brick_game/brick_game/race/logic/race.go:207.33,209.42 2 1
brick_game/brick_game/race/logic/race.go:209.42,210.15 1 1
brick_game/brick_game/race/logic/race.go:210.15,212.4 1 1
brick_game/brick_game/race/logic/race.go:212.9,214.4 1 1
brick_game/brick_game/race/logic/race.go:216.2,216.15 1 1
brick_game/brick_game/race/logic/race.go:219.32,226.2 1 0
brick_game/brick_game/race/logic/race.go:228.31,236.2 1 1
brick_game/brick_game/race/logic/race.go:238.39,240.16 2 1
brick_game/brick_game/race/logic/race.go:240.16,242.3 1 0
brick_game/brick_game/race/logic/race.go:243.2,243.30 1 1
brick_game/brick_game/race/logic/race.go:243.30,244.51 1 1
brick_game/brick_game/race/logic/race.go:244.51,246.4 1 0
brick_game/brick_game/race/logic/race.go:248.2,248.19 1 1
brick_game/brick_game/race/logic/race.go:252.60,263.2 1 1
brick_game/brick_game/race/logic/race.go:265.29,266.17 1 1
brick_game/brick_game/race/logic/race.go:267.16,268.27 1 1
brick_game/brick_game/race/logic/race.go:268.27,271.4 2 1
brick_game/brick_game/race/logic/race.go:272.18,273.48 1 1
brick_game/brick_game/race/logic/race.go:273.48,276.4 2 1
brick_game/brick_game/race/logic/race.go:277.18,278.42 1 1
brick_game/brick_game/race/logic/race.go:278.42,281.4 2 1
brick_game/brick_game/race/logic/race.go:282.19,283.66 1 1
brick_game/brick_game/race/logic/race.go:283.66,286.4 2 1
brick_game/brick_game/race/logic/race.go:288.2,288.19 1 1
brick_game/brick_game/race/logic/race.go:292.52,293.45 1 1
brick_game/brick_game/race/logic/race.go:293.45,295.3 1 0
brick_game/brick_game/race/logic/race.go:297.2,298.15 2 1
brick_game/brick_game/race/logic/race.go:299.16,302.36 3 1
brick_game/brick_game/race/logic/race.go:304.18,307.36 3 1
brick_game/brick_game/race/logic/race.go:309.18,312.25 3 1
brick_game/brick_game/race/logic/race.go:312.25,314.14 2 1
brick_game/brick_game/race/logic/race.go:314.14,317.5 2 1
brick_game/brick_game/race/logic/race.go:318.4,318.13 1 1
brick_game/brick_game/race/logic/race.go:321.19,324.25 3 1
brick_game/brick_game/race/logic/race.go:324.25,326.14 2 1
brick_game/brick_game/race/logic/race.go:326.14,329.5 2 1
brick_game/brick_game/race/logic/race.go:330.4,330.13 1 1
brick_game/brick_game/race/logic/race.go:334.2,334.15 1 1
brick_game/brick_game/race/logic/race.go:337.27,345.2 7 1
brick_game/brick_game/race/logic/race.go:347.28,354.2 6 1
brick_game/brick_game/race/logic/race.go:356.44,357.53 1 1
brick_game/brick_game/race/logic/race.go:357.53,363.3 5 1
